{
  "RSpec": {
    "coverage": {
      "/Users/jmartinezarce/Apps/blog/app/helpers/application_helper.rb": [
        1,
        null
      ],
      "/Users/jmartinezarce/Apps/blog/app/models/article.rb": [
        1,
        1,
        null,
        1,
        null,
        1,
        null,
        1,
        null,
        1,
        null,
        3,
        null,
        3,
        null,
        1,
        null,
        1,
        19,
        1,
        null,
        null,
        null,
        null
      ],
      "/Users/jmartinezarce/Apps/blog/app/models/concerns/acts_as_featured.rb": [
        1,
        1,
        null,
        1,
        1,
        null,
        2,
        null,
        null,
        null,
        1,
        5,
        null,
        null,
        1,
        1,
        null,
        null,
        1,
        1,
        null,
        null
      ],
      "/Users/jmartinezarce/Apps/blog/app/models/comment.rb": [
        1,
        1,
        null,
        1,
        null,
        1,
        null
      ]
    },
    "timestamp": 1427310610
  }
}
